  [1m[36m (2.2ms)[0m  [1mCREATE TABLE "schema_migrations" ("version" varchar NOT NULL) [0m
  [1m[35m (0.1ms)[0m  select sqlite_version(*)
  [1m[36m (1.7ms)[0m  [1mCREATE UNIQUE INDEX "unique_schema_migrations" ON "schema_migrations" ("version")[0m
  [1m[35mActiveRecord::SchemaMigration Load (0.1ms)[0m  SELECT "schema_migrations".* FROM "schema_migrations"
Migrating to CreateBarkboxClientAccessTokens (20170213224124)
  [1m[36m (0.1ms)[0m  [1mbegin transaction[0m
  [1m[35m (0.4ms)[0m  CREATE TABLE "barkbox_client_auth_tokens" ("id" INTEGER PRIMARY KEY AUTOINCREMENT NOT NULL, "barkbox_user_id" integer NOT NULL, "access_token" varchar NOT NULL, "email" varchar, "last_verified_at" datetime, "created_at" datetime NOT NULL, "updated_at" datetime NOT NULL) 
  [1m[36mSQL (0.2ms)[0m  [1mINSERT INTO "schema_migrations" ("version") VALUES (?)[0m  [["version", "20170213224124"]]
  [1m[35m (2.1ms)[0m  commit transaction
  [1m[36mActiveRecord::SchemaMigration Load (0.1ms)[0m  [1mSELECT "schema_migrations".* FROM "schema_migrations"[0m
  [1m[36m (1.6ms)[0m  [1mDROP TABLE "barkbox_client_auth_tokens"[0m
  [1m[35m (1.8ms)[0m  CREATE TABLE "barkbox_client_auth_tokens" ("id" INTEGER PRIMARY KEY AUTOINCREMENT NOT NULL, "barkbox_user_id" integer NOT NULL, "access_token" varchar NOT NULL, "email" varchar, "last_verified_at" datetime, "created_at" datetime NOT NULL, "updated_at" datetime NOT NULL) 
  [1m[36m (0.1ms)[0m  [1mSELECT version FROM "schema_migrations"[0m
  [1m[35m (1.6ms)[0m  DROP TABLE "barkbox_client_auth_tokens"
  [1m[36m (1.8ms)[0m  [1mCREATE TABLE "barkbox_client_auth_tokens" ("id" INTEGER PRIMARY KEY AUTOINCREMENT NOT NULL, "barkbox_user_id" integer NOT NULL, "access_token" varchar NOT NULL, "email" varchar, "last_verified_at" datetime, "created_at" datetime NOT NULL, "updated_at" datetime NOT NULL) [0m
  [1m[35m (0.1ms)[0m  SELECT version FROM "schema_migrations"
  [1m[36mActiveRecord::SchemaMigration Load (0.1ms)[0m  [1mSELECT "schema_migrations".* FROM "schema_migrations"[0m
  [1m[36mActiveRecord::SchemaMigration Load (0.1ms)[0m  [1mSELECT "schema_migrations".* FROM "schema_migrations"[0m
  [1m[35mActiveRecord::SchemaMigration Load (0.1ms)[0m  SELECT "schema_migrations".* FROM "schema_migrations"
Migrating to CreateBarkboxClientAccessTokens (20170213224124)
  [1m[36m (0.0ms)[0m  [1mbegin transaction[0m
  [1m[35m (0.4ms)[0m  DROP TABLE "barkbox_client_auth_tokens"
  [1m[36mSQL (0.2ms)[0m  [1mDELETE FROM "schema_migrations" WHERE "schema_migrations"."version" = ?[0m  [["version", "20170213224124"]]
  [1m[35m (1.6ms)[0m  commit transaction
  [1m[36mActiveRecord::SchemaMigration Load (0.1ms)[0m  [1mSELECT "schema_migrations".* FROM "schema_migrations"[0m
  [1m[36mActiveRecord::SchemaMigration Load (0.1ms)[0m  [1mSELECT "schema_migrations".* FROM "schema_migrations"[0m
Migrating to CreateBarkboxClientAuth (20170213224124)
  [1m[36mActiveRecord::SchemaMigration Load (1.8ms)[0m  [1mSELECT "schema_migrations".* FROM "schema_migrations"[0m
Migrating to CreateBarkboxClientAuth (20170213224124)
  [1m[35m (0.1ms)[0m  begin transaction
  [1m[36m (1.7ms)[0m  [1mCREATE TABLE "barkbox_client_auth_tokens" ("id" INTEGER PRIMARY KEY AUTOINCREMENT NOT NULL, "barkbox_user_id" integer NOT NULL, "access_token" varchar NOT NULL, "email" varchar, "last_verified_at" datetime, "created_at" datetime NOT NULL, "updated_at" datetime NOT NULL) [0m
  [1m[35mSQL (0.2ms)[0m  INSERT INTO "schema_migrations" ("version") VALUES (?)  [["version", "20170213224124"]]
  [1m[36m (1.5ms)[0m  [1mcommit transaction[0m
  [1m[35mActiveRecord::SchemaMigration Load (0.1ms)[0m  SELECT "schema_migrations".* FROM "schema_migrations"
  [1m[36mActiveRecord::SchemaMigration Load (0.1ms)[0m  [1mSELECT "schema_migrations".* FROM "schema_migrations"[0m
  [1m[35mActiveRecord::SchemaMigration Load (0.1ms)[0m  SELECT "schema_migrations".* FROM "schema_migrations"
Migrating to CreateBarkboxClientAuth (20170213224124)
  [1m[36m (0.0ms)[0m  [1mbegin transaction[0m
  [1m[35m (0.4ms)[0m  DROP TABLE "barkbox_client_auth_tokens"
  [1m[36mSQL (0.2ms)[0m  [1mDELETE FROM "schema_migrations" WHERE "schema_migrations"."version" = ?[0m  [["version", "20170213224124"]]
  [1m[35m (1.5ms)[0m  commit transaction
  [1m[36mActiveRecord::SchemaMigration Load (0.1ms)[0m  [1mSELECT "schema_migrations".* FROM "schema_migrations"[0m
  [1m[36mActiveRecord::SchemaMigration Load (0.1ms)[0m  [1mSELECT "schema_migrations".* FROM "schema_migrations"[0m
Migrating to CreateBarkboxClientAuth (20170213224124)
  [1m[35m (0.1ms)[0m  begin transaction
  [1m[36m (0.4ms)[0m  [1mCREATE TABLE "barkbox_client_auths" ("id" INTEGER PRIMARY KEY AUTOINCREMENT NOT NULL, "barkbox_user_id" integer NOT NULL, "access_token" varchar NOT NULL, "email" varchar, "last_verified_at" datetime, "created_at" datetime NOT NULL, "updated_at" datetime NOT NULL) [0m
  [1m[35mSQL (0.2ms)[0m  INSERT INTO "schema_migrations" ("version") VALUES (?)  [["version", "20170213224124"]]
  [1m[36m (2.0ms)[0m  [1mcommit transaction[0m
  [1m[35mActiveRecord::SchemaMigration Load (0.1ms)[0m  SELECT "schema_migrations".* FROM "schema_migrations"
  [1m[36m (1.9ms)[0m  [1mCREATE TABLE "barkbox_client_auths" ("id" INTEGER PRIMARY KEY AUTOINCREMENT NOT NULL, "barkbox_user_id" integer NOT NULL, "access_token" varchar NOT NULL, "email" varchar, "last_verified_at" datetime, "created_at" datetime NOT NULL, "updated_at" datetime NOT NULL) [0m
  [1m[35m (1.6ms)[0m  CREATE TABLE "schema_migrations" ("version" varchar NOT NULL) 
  [1m[36m (0.1ms)[0m  [1mselect sqlite_version(*)[0m
  [1m[35m (1.7ms)[0m  CREATE UNIQUE INDEX "unique_schema_migrations" ON "schema_migrations" ("version")
  [1m[36m (0.1ms)[0m  [1mSELECT version FROM "schema_migrations"[0m
  [1m[35m (1.5ms)[0m  INSERT INTO "schema_migrations" (version) VALUES ('20170213224124')
  [1m[36m (1.8ms)[0m  [1mCREATE TABLE "barkbox_client_auths" ("id" INTEGER PRIMARY KEY AUTOINCREMENT NOT NULL, "barkbox_user_id" integer NOT NULL, "access_token" varchar NOT NULL, "email" varchar, "last_verified_at" datetime, "created_at" datetime NOT NULL, "updated_at" datetime NOT NULL) [0m
  [1m[35m (1.6ms)[0m  CREATE TABLE "schema_migrations" ("version" varchar NOT NULL) 
  [1m[36m (0.1ms)[0m  [1mselect sqlite_version(*)[0m
  [1m[35m (1.7ms)[0m  CREATE UNIQUE INDEX "unique_schema_migrations" ON "schema_migrations" ("version")
  [1m[36m (0.1ms)[0m  [1mSELECT version FROM "schema_migrations"[0m
  [1m[35m (1.7ms)[0m  INSERT INTO "schema_migrations" (version) VALUES ('20170213224124')
  [1m[36mBarkboxClient::Auth Load (0.1ms)[0m  [1mSELECT  "barkbox_client_auths".* FROM "barkbox_client_auths"  ORDER BY "barkbox_client_auths"."id" DESC LIMIT 1[0m
  [1m[35m (0.1ms)[0m  begin transaction
  [1m[36mSQL (0.4ms)[0m  [1mINSERT INTO "barkbox_client_auths" ("access_token", "last_verified_at", "created_at", "updated_at") VALUES (?, ?, ?, ?)[0m  [["access_token", "12345"], ["last_verified_at", "2017-02-12 19:41:36.355762"], ["created_at", "2017-02-14 19:41:36.363490"], ["updated_at", "2017-02-14 19:41:36.363490"]]
  [1m[35m (0.1ms)[0m  rollback transaction
  [1m[36m (0.1ms)[0m  [1mbegin transaction[0m
  [1m[35mSQL (0.5ms)[0m  INSERT INTO "barkbox_client_auths" ("access_token", "last_verified_at", "barkbox_user_id", "created_at", "updated_at") VALUES (?, ?, ?, ?, ?)  [["access_token", "12345"], ["last_verified_at", "2017-02-12 19:41:47.876411"], ["barkbox_user_id", 1], ["created_at", "2017-02-14 19:41:47.877566"], ["updated_at", "2017-02-14 19:41:47.877566"]]
  [1m[36m (1.5ms)[0m  [1mcommit transaction[0m
  [1m[35mBarkboxClient::Auth Load (0.2ms)[0m  SELECT  "barkbox_client_auths".* FROM "barkbox_client_auths"  ORDER BY "barkbox_client_auths"."id" DESC LIMIT 1
  [1m[36mActiveRecord::SchemaMigration Load (1.2ms)[0m  [1mSELECT "schema_migrations".* FROM "schema_migrations"[0m
  [1m[35mActiveRecord::SchemaMigration Load (0.1ms)[0m  SELECT "schema_migrations".* FROM "schema_migrations"
Migrating to CreateBarkboxClientAuth (20170213224124)
  [1m[36m (0.0ms)[0m  [1mbegin transaction[0m
  [1m[35m (1.8ms)[0m  DROP TABLE "barkbox_client_auths"
  [1m[36mSQL (0.2ms)[0m  [1mDELETE FROM "schema_migrations" WHERE "schema_migrations"."version" = ?[0m  [["version", "20170213224124"]]
  [1m[35m (1.4ms)[0m  commit transaction
  [1m[36mActiveRecord::SchemaMigration Load (0.1ms)[0m  [1mSELECT "schema_migrations".* FROM "schema_migrations"[0m
  [1m[36mActiveRecord::SchemaMigration Load (0.2ms)[0m  [1mSELECT "schema_migrations".* FROM "schema_migrations"[0m
Migrating to CreateBarkboxClientAuth (20170213224124)
  [1m[35m (0.1ms)[0m  begin transaction
  [1m[36m (0.4ms)[0m  [1mCREATE TABLE "barkbox_client_auths" ("id" INTEGER PRIMARY KEY AUTOINCREMENT NOT NULL, "barkbox_user_id" integer NOT NULL, "access_token" varchar NOT NULL, "access_token_expires_at" datetime NOT NULL, "refresh_token" varchar, "email" varchar, "created_at" datetime NOT NULL, "updated_at" datetime NOT NULL) [0m
  [1m[35m (1.1ms)[0m  rollback transaction
  [1m[36mActiveRecord::SchemaMigration Load (0.1ms)[0m  [1mSELECT "schema_migrations".* FROM "schema_migrations"[0m
Migrating to CreateBarkboxClientAuth (20170213224124)
  [1m[35m (0.1ms)[0m  begin transaction
  [1m[36m (0.4ms)[0m  [1mCREATE TABLE "barkbox_client_auths" ("id" INTEGER PRIMARY KEY AUTOINCREMENT NOT NULL, "barkbox_user_id" integer NOT NULL, "access_token" varchar NOT NULL, "access_token_expires_at" datetime NOT NULL, "refresh_token" varchar, "email" varchar, "created_at" datetime NOT NULL, "updated_at" datetime NOT NULL) [0m
  [1m[35m (0.2ms)[0m  select sqlite_version(*)
  [1m[36m (0.1ms)[0m  [1mCREATE  INDEX "index_barkbox_client_auths_on_barkbox_user_id" ON "barkbox_client_auths" ("barkbox_user_id")[0m
  [1m[35m (1.1ms)[0m  rollback transaction
  [1m[36mActiveRecord::SchemaMigration Load (0.2ms)[0m  [1mSELECT "schema_migrations".* FROM "schema_migrations"[0m
Migrating to CreateBarkboxClientAuth (20170213224124)
  [1m[35m (0.1ms)[0m  begin transaction
  [1m[36m (0.5ms)[0m  [1mCREATE TABLE "barkbox_client_auths" ("id" INTEGER PRIMARY KEY AUTOINCREMENT NOT NULL, "barkbox_user_id" integer NOT NULL, "access_token" varchar NOT NULL, "access_token_expires_at" datetime NOT NULL, "refresh_token" varchar, "email" varchar, "created_at" datetime NOT NULL, "updated_at" datetime NOT NULL) [0m
  [1m[35m (0.1ms)[0m  select sqlite_version(*)
  [1m[36m (0.1ms)[0m  [1mCREATE  INDEX "index_barkbox_client_auths_on_barkbox_user_id" ON "barkbox_client_auths" ("barkbox_user_id")[0m
  [1m[35m (0.1ms)[0m              SELECT sql
            FROM sqlite_master
            WHERE name='index_barkbox_client_auths_on_barkbox_user_id' AND type='index'
            UNION ALL
            SELECT sql
            FROM sqlite_temp_master
            WHERE name='index_barkbox_client_auths_on_barkbox_user_id' AND type='index'

  [1m[36m (0.7ms)[0m  [1mCREATE UNIQUE INDEX "index_barkbox_client_auths_on_access_token" ON "barkbox_client_auths" ("access_token")[0m
  [1m[35mSQL (0.3ms)[0m  INSERT INTO "schema_migrations" ("version") VALUES (?)  [["version", "20170213224124"]]
  [1m[36m (1.7ms)[0m  [1mcommit transaction[0m
  [1m[35mActiveRecord::SchemaMigration Load (0.1ms)[0m  SELECT "schema_migrations".* FROM "schema_migrations"
  [1m[36m (0.1ms)[0m  [1m            SELECT sql
            FROM sqlite_master
            WHERE name='index_barkbox_client_auths_on_access_token' AND type='index'
            UNION ALL
            SELECT sql
            FROM sqlite_temp_master
            WHERE name='index_barkbox_client_auths_on_access_token' AND type='index'
[0m
  [1m[35m (0.1ms)[0m              SELECT sql
            FROM sqlite_master
            WHERE name='index_barkbox_client_auths_on_barkbox_user_id' AND type='index'
            UNION ALL
            SELECT sql
            FROM sqlite_temp_master
            WHERE name='index_barkbox_client_auths_on_barkbox_user_id' AND type='index'

  [1m[36mActiveRecord::SchemaMigration Load (1.1ms)[0m  [1mSELECT "schema_migrations".* FROM "schema_migrations"[0m
  [1m[35mActiveRecord::SchemaMigration Load (0.1ms)[0m  SELECT "schema_migrations".* FROM "schema_migrations"
Migrating to CreateBarkboxClientAuth (20170213224124)
  [1m[36m (0.1ms)[0m  [1mbegin transaction[0m
  [1m[35m (0.1ms)[0m              SELECT sql
            FROM sqlite_master
            WHERE name='index_barkbox_client_auths_on_access_token' AND type='index'
            UNION ALL
            SELECT sql
            FROM sqlite_temp_master
            WHERE name='index_barkbox_client_auths_on_access_token' AND type='index'

  [1m[36m (0.1ms)[0m  [1m            SELECT sql
            FROM sqlite_master
            WHERE name='index_barkbox_client_auths_on_barkbox_user_id' AND type='index'
            UNION ALL
            SELECT sql
            FROM sqlite_temp_master
            WHERE name='index_barkbox_client_auths_on_barkbox_user_id' AND type='index'
[0m
  [1m[35m (1.5ms)[0m  DROP INDEX "index_barkbox_client_auths_on_access_token"
  [1m[36m (0.1ms)[0m  [1m            SELECT sql
            FROM sqlite_master
            WHERE name='index_barkbox_client_auths_on_barkbox_user_id' AND type='index'
            UNION ALL
            SELECT sql
            FROM sqlite_temp_master
            WHERE name='index_barkbox_client_auths_on_barkbox_user_id' AND type='index'
[0m
  [1m[35m (2.0ms)[0m  DROP INDEX "index_barkbox_client_auths_on_barkbox_user_id"
  [1m[36m (1.7ms)[0m  [1mDROP TABLE "barkbox_client_auths"[0m
  [1m[35mSQL (0.2ms)[0m  DELETE FROM "schema_migrations" WHERE "schema_migrations"."version" = ?  [["version", "20170213224124"]]
  [1m[36m (1.7ms)[0m  [1mcommit transaction[0m
  [1m[35mActiveRecord::SchemaMigration Load (0.1ms)[0m  SELECT "schema_migrations".* FROM "schema_migrations"
  [1m[36mActiveRecord::SchemaMigration Load (1.3ms)[0m  [1mSELECT "schema_migrations".* FROM "schema_migrations"[0m
  [1m[35mActiveRecord::SchemaMigration Load (0.1ms)[0m  SELECT "schema_migrations".* FROM "schema_migrations"
  [1m[36mActiveRecord::SchemaMigration Load (0.1ms)[0m  [1mSELECT "schema_migrations".* FROM "schema_migrations"[0m
Migrating to CreateBarkboxClientAuth (20170213224124)
  [1m[35m (0.1ms)[0m  begin transaction
  [1m[36m (1.4ms)[0m  [1mCREATE TABLE "barkbox_client_auths" ("id" INTEGER PRIMARY KEY AUTOINCREMENT NOT NULL, "barkbox_user_id" integer NOT NULL, "access_token" varchar NOT NULL, "access_token_expires_at" datetime NOT NULL, "refresh_token" varchar, "email" varchar, "created_at" datetime NOT NULL, "updated_at" datetime NOT NULL) [0m
  [1m[35m (0.1ms)[0m  select sqlite_version(*)
  [1m[36m (0.1ms)[0m  [1mCREATE  INDEX "index_barkbox_client_auths_on_barkbox_user_id" ON "barkbox_client_auths" ("barkbox_user_id")[0m
  [1m[35m (0.1ms)[0m              SELECT sql
            FROM sqlite_master
            WHERE name='index_barkbox_client_auths_on_barkbox_user_id' AND type='index'
            UNION ALL
            SELECT sql
            FROM sqlite_temp_master
            WHERE name='index_barkbox_client_auths_on_barkbox_user_id' AND type='index'

  [1m[36m (0.7ms)[0m  [1mCREATE UNIQUE INDEX "index_barkbox_client_auths_on_access_token" ON "barkbox_client_auths" ("access_token")[0m
  [1m[35mSQL (0.2ms)[0m  INSERT INTO "schema_migrations" ("version") VALUES (?)  [["version", "20170213224124"]]
  [1m[36m (1.8ms)[0m  [1mcommit transaction[0m
  [1m[35mActiveRecord::SchemaMigration Load (0.1ms)[0m  SELECT "schema_migrations".* FROM "schema_migrations"
  [1m[36m (0.1ms)[0m  [1m            SELECT sql
            FROM sqlite_master
            WHERE name='index_barkbox_client_auths_on_access_token' AND type='index'
            UNION ALL
            SELECT sql
            FROM sqlite_temp_master
            WHERE name='index_barkbox_client_auths_on_access_token' AND type='index'
[0m
  [1m[35m (0.1ms)[0m              SELECT sql
            FROM sqlite_master
            WHERE name='index_barkbox_client_auths_on_barkbox_user_id' AND type='index'
            UNION ALL
            SELECT sql
            FROM sqlite_temp_master
            WHERE name='index_barkbox_client_auths_on_barkbox_user_id' AND type='index'

  [1m[36m (2.0ms)[0m  [1mCREATE TABLE "barkbox_client_auths" ("id" INTEGER PRIMARY KEY AUTOINCREMENT NOT NULL, "barkbox_user_id" integer NOT NULL, "access_token" varchar NOT NULL, "access_token_expires_at" datetime NOT NULL, "refresh_token" varchar, "email" varchar, "created_at" datetime NOT NULL, "updated_at" datetime NOT NULL) [0m
  [1m[35m (0.1ms)[0m  select sqlite_version(*)
  [1m[36m (1.6ms)[0m  [1mCREATE UNIQUE INDEX "index_barkbox_client_auths_on_access_token" ON "barkbox_client_auths" ("access_token")[0m
  [1m[35m (0.1ms)[0m              SELECT sql
            FROM sqlite_master
            WHERE name='index_barkbox_client_auths_on_access_token' AND type='index'
            UNION ALL
            SELECT sql
            FROM sqlite_temp_master
            WHERE name='index_barkbox_client_auths_on_access_token' AND type='index'

  [1m[36m (1.9ms)[0m  [1mCREATE  INDEX "index_barkbox_client_auths_on_barkbox_user_id" ON "barkbox_client_auths" ("barkbox_user_id")[0m
  [1m[35m (2.0ms)[0m  CREATE TABLE "schema_migrations" ("version" varchar NOT NULL) 
  [1m[36m (1.7ms)[0m  [1mCREATE UNIQUE INDEX "unique_schema_migrations" ON "schema_migrations" ("version")[0m
  [1m[35m (0.1ms)[0m  SELECT version FROM "schema_migrations"
  [1m[36m (1.6ms)[0m  [1mINSERT INTO "schema_migrations" (version) VALUES ('20170213224124')[0m
  [1m[36mActiveRecord::SchemaMigration Load (1.1ms)[0m  [1mSELECT "schema_migrations".* FROM "schema_migrations"[0m
  [1m[35mActiveRecord::SchemaMigration Load (0.1ms)[0m  SELECT "schema_migrations".* FROM "schema_migrations"
Migrating to CreateBarkboxClientAuth (20170213224124)
  [1m[36m (0.0ms)[0m  [1mbegin transaction[0m
  [1m[35m (0.1ms)[0m              SELECT sql
            FROM sqlite_master
            WHERE name='index_barkbox_client_auths_on_access_token' AND type='index'
            UNION ALL
            SELECT sql
            FROM sqlite_temp_master
            WHERE name='index_barkbox_client_auths_on_access_token' AND type='index'

  [1m[36m (0.1ms)[0m  [1m            SELECT sql
            FROM sqlite_master
            WHERE name='index_barkbox_client_auths_on_barkbox_user_id' AND type='index'
            UNION ALL
            SELECT sql
            FROM sqlite_temp_master
            WHERE name='index_barkbox_client_auths_on_barkbox_user_id' AND type='index'
[0m
  [1m[35m (1.4ms)[0m  DROP INDEX "index_barkbox_client_auths_on_access_token"
  [1m[36m (0.1ms)[0m  [1m            SELECT sql
            FROM sqlite_master
            WHERE name='index_barkbox_client_auths_on_barkbox_user_id' AND type='index'
            UNION ALL
            SELECT sql
            FROM sqlite_temp_master
            WHERE name='index_barkbox_client_auths_on_barkbox_user_id' AND type='index'
[0m
  [1m[35m (1.8ms)[0m  DROP INDEX "index_barkbox_client_auths_on_barkbox_user_id"
  [1m[36m (3.0ms)[0m  [1mDROP TABLE "barkbox_client_auths"[0m
  [1m[35mSQL (0.2ms)[0m  DELETE FROM "schema_migrations" WHERE "schema_migrations"."version" = ?  [["version", "20170213224124"]]
  [1m[36m (1.7ms)[0m  [1mcommit transaction[0m
  [1m[35mActiveRecord::SchemaMigration Load (0.1ms)[0m  SELECT "schema_migrations".* FROM "schema_migrations"
  [1m[36mActiveRecord::SchemaMigration Load (0.1ms)[0m  [1mSELECT "schema_migrations".* FROM "schema_migrations"[0m
Migrating to CreateBarkboxClientAuth (20170213224124)
  [1m[35m (0.1ms)[0m  begin transaction
  [1m[36m (0.3ms)[0m  [1mCREATE TABLE "barkbox_client_auths" ("id" INTEGER PRIMARY KEY AUTOINCREMENT NOT NULL, "barkbox_user_id" integer NOT NULL, "access_token" varchar NOT NULL, "access_token_expires_at" datetime, "refresh_token" varchar, "email" varchar, "created_at" datetime NOT NULL, "updated_at" datetime NOT NULL) [0m
  [1m[35m (0.1ms)[0m  select sqlite_version(*)
  [1m[36m (0.1ms)[0m  [1mCREATE  INDEX "index_barkbox_client_auths_on_barkbox_user_id" ON "barkbox_client_auths" ("barkbox_user_id")[0m
  [1m[35m (0.1ms)[0m              SELECT sql
            FROM sqlite_master
            WHERE name='index_barkbox_client_auths_on_barkbox_user_id' AND type='index'
            UNION ALL
            SELECT sql
            FROM sqlite_temp_master
            WHERE name='index_barkbox_client_auths_on_barkbox_user_id' AND type='index'

  [1m[36m (0.9ms)[0m  [1mCREATE UNIQUE INDEX "index_barkbox_client_auths_on_access_token" ON "barkbox_client_auths" ("access_token")[0m
  [1m[35mSQL (0.2ms)[0m  INSERT INTO "schema_migrations" ("version") VALUES (?)  [["version", "20170213224124"]]
  [1m[36m (1.7ms)[0m  [1mcommit transaction[0m
  [1m[35mActiveRecord::SchemaMigration Load (0.1ms)[0m  SELECT "schema_migrations".* FROM "schema_migrations"
  [1m[36m (0.1ms)[0m  [1m            SELECT sql
            FROM sqlite_master
            WHERE name='index_barkbox_client_auths_on_access_token' AND type='index'
            UNION ALL
            SELECT sql
            FROM sqlite_temp_master
            WHERE name='index_barkbox_client_auths_on_access_token' AND type='index'
[0m
  [1m[35m (0.1ms)[0m              SELECT sql
            FROM sqlite_master
            WHERE name='index_barkbox_client_auths_on_barkbox_user_id' AND type='index'
            UNION ALL
            SELECT sql
            FROM sqlite_temp_master
            WHERE name='index_barkbox_client_auths_on_barkbox_user_id' AND type='index'

  [1m[36m (1.8ms)[0m  [1mCREATE TABLE "barkbox_client_auths" ("id" INTEGER PRIMARY KEY AUTOINCREMENT NOT NULL, "barkbox_user_id" integer NOT NULL, "access_token" varchar NOT NULL, "access_token_expires_at" datetime, "refresh_token" varchar, "email" varchar, "created_at" datetime NOT NULL, "updated_at" datetime NOT NULL) [0m
  [1m[35m (0.1ms)[0m  select sqlite_version(*)
  [1m[36m (1.9ms)[0m  [1mCREATE UNIQUE INDEX "index_barkbox_client_auths_on_access_token" ON "barkbox_client_auths" ("access_token")[0m
  [1m[35m (0.2ms)[0m              SELECT sql
            FROM sqlite_master
            WHERE name='index_barkbox_client_auths_on_access_token' AND type='index'
            UNION ALL
            SELECT sql
            FROM sqlite_temp_master
            WHERE name='index_barkbox_client_auths_on_access_token' AND type='index'

  [1m[36m (2.4ms)[0m  [1mCREATE  INDEX "index_barkbox_client_auths_on_barkbox_user_id" ON "barkbox_client_auths" ("barkbox_user_id")[0m
  [1m[35m (1.7ms)[0m  CREATE TABLE "schema_migrations" ("version" varchar NOT NULL) 
  [1m[36m (1.6ms)[0m  [1mCREATE UNIQUE INDEX "unique_schema_migrations" ON "schema_migrations" ("version")[0m
  [1m[35m (0.1ms)[0m  SELECT version FROM "schema_migrations"
  [1m[36m (1.5ms)[0m  [1mINSERT INTO "schema_migrations" (version) VALUES ('20170213224124')[0m
  [1m[36mBarkboxClient::Auth Load (1.2ms)[0m  [1mSELECT  "barkbox_client_auths".* FROM "barkbox_client_auths"  ORDER BY "barkbox_client_auths"."id" DESC LIMIT 1[0m
  [1m[36mBarkboxClient::Auth Load (1.2ms)[0m  [1mSELECT  "barkbox_client_auths".* FROM "barkbox_client_auths" WHERE "barkbox_client_auths"."access_token" = ?  ORDER BY "barkbox_client_auths"."id" ASC LIMIT 1[0m  [["access_token", "dc138b38f309548dcd14b7e9c520e6573183d8b83fe7930d3df93c38c464e828"]]
  [1m[35m (0.1ms)[0m  begin transaction
  [1m[36mSQL (0.6ms)[0m  [1mINSERT INTO "barkbox_client_auths" ("access_token", "created_at", "updated_at") VALUES (?, ?, ?)[0m  [["access_token", "dc138b38f309548dcd14b7e9c520e6573183d8b83fe7930d3df93c38c464e828"], ["created_at", "2017-02-15 22:10:40.553157"], ["updated_at", "2017-02-15 22:10:40.553157"]]
  [1m[35m (0.1ms)[0m  rollback transaction
  [1m[36mBarkboxClient::Auth Load (0.2ms)[0m  [1mSELECT "barkbox_client_auths".* FROM "barkbox_client_auths" WHERE "barkbox_client_auths"."access_token" = ?[0m  [["access_token", "d679e5053df0f05ecab51487cbebe5bc56ce295e5f3870a8938870683c8c65ca"]]
  [1m[36m (1.9ms)[0m  [1mCREATE TABLE "barkbox_client_auths" ("id" INTEGER PRIMARY KEY AUTOINCREMENT NOT NULL, "barkbox_user_id" integer NOT NULL, "access_token" varchar NOT NULL, "access_token_expires_at" datetime, "refresh_token" varchar, "email" varchar, "created_at" datetime NOT NULL, "updated_at" datetime NOT NULL) [0m
  [1m[35m (0.1ms)[0m  select sqlite_version(*)
  [1m[36m (1.7ms)[0m  [1mCREATE UNIQUE INDEX "index_barkbox_client_auths_on_access_token" ON "barkbox_client_auths" ("access_token")[0m
  [1m[35m (0.1ms)[0m              SELECT sql
            FROM sqlite_master
            WHERE name='index_barkbox_client_auths_on_access_token' AND type='index'
            UNION ALL
            SELECT sql
            FROM sqlite_temp_master
            WHERE name='index_barkbox_client_auths_on_access_token' AND type='index'

  [1m[36m (1.6ms)[0m  [1mCREATE  INDEX "index_barkbox_client_auths_on_barkbox_user_id" ON "barkbox_client_auths" ("barkbox_user_id")[0m
  [1m[35m (1.8ms)[0m  CREATE TABLE "schema_migrations" ("version" varchar NOT NULL) 
  [1m[36m (1.7ms)[0m  [1mCREATE UNIQUE INDEX "unique_schema_migrations" ON "schema_migrations" ("version")[0m
  [1m[35m (0.1ms)[0m  SELECT version FROM "schema_migrations"
  [1m[36m (1.5ms)[0m  [1mINSERT INTO "schema_migrations" (version) VALUES ('20170213224124')[0m
  [1m[36mActiveRecord::SchemaMigration Load (0.1ms)[0m  [1mSELECT "schema_migrations".* FROM "schema_migrations"[0m
  [1m[35mActiveRecord::SchemaMigration Load (0.1ms)[0m  SELECT "schema_migrations".* FROM "schema_migrations"
  [1m[36m (0.1ms)[0m  [1m            SELECT sql
            FROM sqlite_master
            WHERE name='index_barkbox_client_auths_on_access_token' AND type='index'
            UNION ALL
            SELECT sql
            FROM sqlite_temp_master
            WHERE name='index_barkbox_client_auths_on_access_token' AND type='index'
[0m
  [1m[35m (0.1ms)[0m              SELECT sql
            FROM sqlite_master
            WHERE name='index_barkbox_client_auths_on_barkbox_user_id' AND type='index'
            UNION ALL
            SELECT sql
            FROM sqlite_temp_master
            WHERE name='index_barkbox_client_auths_on_barkbox_user_id' AND type='index'

  [1m[36m (2.0ms)[0m  [1mCREATE TABLE "barkbox_client_auths" ("id" INTEGER PRIMARY KEY AUTOINCREMENT NOT NULL, "barkbox_user_id" integer NOT NULL, "access_token" varchar NOT NULL, "access_token_expires_at" datetime, "refresh_token" varchar, "email" varchar, "created_at" datetime NOT NULL, "updated_at" datetime NOT NULL) [0m
  [1m[35m (0.1ms)[0m  select sqlite_version(*)
  [1m[36m (1.5ms)[0m  [1mCREATE UNIQUE INDEX "index_barkbox_client_auths_on_access_token" ON "barkbox_client_auths" ("access_token")[0m
  [1m[35m (0.1ms)[0m              SELECT sql
            FROM sqlite_master
            WHERE name='index_barkbox_client_auths_on_access_token' AND type='index'
            UNION ALL
            SELECT sql
            FROM sqlite_temp_master
            WHERE name='index_barkbox_client_auths_on_access_token' AND type='index'

  [1m[36m (1.7ms)[0m  [1mCREATE  INDEX "index_barkbox_client_auths_on_barkbox_user_id" ON "barkbox_client_auths" ("barkbox_user_id")[0m
  [1m[35m (1.8ms)[0m  CREATE TABLE "schema_migrations" ("version" varchar NOT NULL) 
  [1m[36m (1.7ms)[0m  [1mCREATE UNIQUE INDEX "unique_schema_migrations" ON "schema_migrations" ("version")[0m
  [1m[35m (0.1ms)[0m  SELECT version FROM "schema_migrations"
  [1m[36m (1.7ms)[0m  [1mINSERT INTO "schema_migrations" (version) VALUES ('20170213224124')[0m
  [1m[36mActiveRecord::SchemaMigration Load (0.1ms)[0m  [1mSELECT "schema_migrations".* FROM "schema_migrations"[0m
  [1m[35mActiveRecord::SchemaMigration Load (0.1ms)[0m  SELECT "schema_migrations".* FROM "schema_migrations"
Migrating to CreateAuth (20170213224124)
  [1m[36m (0.0ms)[0m  [1mbegin transaction[0m
  [1m[35m (0.0ms)[0m  rollback transaction
  [1m[36m (2.0ms)[0m  [1mCREATE TABLE "barkbox_client_auths" ("id" INTEGER PRIMARY KEY AUTOINCREMENT NOT NULL, "barkbox_user_id" integer NOT NULL, "access_token" varchar NOT NULL, "access_token_expires_at" datetime, "refresh_token" varchar, "email" varchar, "created_at" datetime NOT NULL, "updated_at" datetime NOT NULL) [0m
  [1m[35m (0.1ms)[0m  select sqlite_version(*)
  [1m[36m (1.7ms)[0m  [1mCREATE UNIQUE INDEX "index_barkbox_client_auths_on_access_token" ON "barkbox_client_auths" ("access_token")[0m
  [1m[35m (0.1ms)[0m              SELECT sql
            FROM sqlite_master
            WHERE name='index_barkbox_client_auths_on_access_token' AND type='index'
            UNION ALL
            SELECT sql
            FROM sqlite_temp_master
            WHERE name='index_barkbox_client_auths_on_access_token' AND type='index'

  [1m[36m (1.7ms)[0m  [1mCREATE  INDEX "index_barkbox_client_auths_on_barkbox_user_id" ON "barkbox_client_auths" ("barkbox_user_id")[0m
  [1m[35m (1.8ms)[0m  CREATE TABLE "schema_migrations" ("version" varchar NOT NULL) 
  [1m[36m (1.7ms)[0m  [1mCREATE UNIQUE INDEX "unique_schema_migrations" ON "schema_migrations" ("version")[0m
  [1m[35m (0.2ms)[0m  SELECT version FROM "schema_migrations"
  [1m[36m (1.6ms)[0m  [1mINSERT INTO "schema_migrations" (version) VALUES ('20170213224124')[0m
  [1m[35m (1.8ms)[0m  CREATE TABLE "barkbox_client_auths" ("id" INTEGER PRIMARY KEY AUTOINCREMENT NOT NULL, "barkbox_user_id" integer NOT NULL, "access_token" varchar NOT NULL, "access_token_expires_at" datetime, "refresh_token" varchar, "email" varchar, "created_at" datetime NOT NULL, "updated_at" datetime NOT NULL) 
  [1m[36m (0.1ms)[0m  [1mselect sqlite_version(*)[0m
  [1m[35m (2.2ms)[0m  CREATE UNIQUE INDEX "index_barkbox_client_auths_on_access_token" ON "barkbox_client_auths" ("access_token")
  [1m[36m (0.1ms)[0m  [1m            SELECT sql
            FROM sqlite_master
            WHERE name='index_barkbox_client_auths_on_access_token' AND type='index'
            UNION ALL
            SELECT sql
            FROM sqlite_temp_master
            WHERE name='index_barkbox_client_auths_on_access_token' AND type='index'
[0m
  [1m[35m (1.7ms)[0m  CREATE  INDEX "index_barkbox_client_auths_on_barkbox_user_id" ON "barkbox_client_auths" ("barkbox_user_id")
  [1m[36m (1.3ms)[0m  [1mCREATE TABLE "schema_migrations" ("version" varchar NOT NULL) [0m
  [1m[35m (1.4ms)[0m  CREATE UNIQUE INDEX "unique_schema_migrations" ON "schema_migrations" ("version")
  [1m[36m (0.1ms)[0m  [1mSELECT version FROM "schema_migrations"[0m
  [1m[35m (1.2ms)[0m  INSERT INTO "schema_migrations" (version) VALUES ('20170213224124')
  [1m[36mActiveRecord::SchemaMigration Load (0.1ms)[0m  [1mSELECT "schema_migrations".* FROM "schema_migrations"[0m
  [1m[36m (1.9ms)[0m  [1mCREATE TABLE "barkbox_client_auths" ("id" INTEGER PRIMARY KEY AUTOINCREMENT NOT NULL, "barkbox_user_id" integer NOT NULL, "access_token" varchar NOT NULL, "access_token_expires_at" datetime, "refresh_token" varchar, "email" varchar, "created_at" datetime NOT NULL, "updated_at" datetime NOT NULL) [0m
  [1m[35m (0.1ms)[0m  select sqlite_version(*)
  [1m[36m (1.8ms)[0m  [1mCREATE UNIQUE INDEX "index_barkbox_client_auths_on_access_token" ON "barkbox_client_auths" ("access_token")[0m
  [1m[35m (0.1ms)[0m              SELECT sql
            FROM sqlite_master
            WHERE name='index_barkbox_client_auths_on_access_token' AND type='index'
            UNION ALL
            SELECT sql
            FROM sqlite_temp_master
            WHERE name='index_barkbox_client_auths_on_access_token' AND type='index'

  [1m[36m (1.6ms)[0m  [1mCREATE  INDEX "index_barkbox_client_auths_on_barkbox_user_id" ON "barkbox_client_auths" ("barkbox_user_id")[0m
  [1m[35m (1.7ms)[0m  CREATE TABLE "schema_migrations" ("version" varchar NOT NULL) 
  [1m[36m (4.7ms)[0m  [1mCREATE UNIQUE INDEX "unique_schema_migrations" ON "schema_migrations" ("version")[0m
  [1m[35m (0.2ms)[0m  SELECT version FROM "schema_migrations"
  [1m[36m (2.0ms)[0m  [1mINSERT INTO "schema_migrations" (version) VALUES ('20170213224124')[0m
  [1m[35m (1.6ms)[0m  CREATE TABLE "barkbox_client_auths" ("id" INTEGER PRIMARY KEY AUTOINCREMENT NOT NULL, "barkbox_user_id" integer NOT NULL, "access_token" varchar NOT NULL, "access_token_expires_at" datetime, "refresh_token" varchar, "email" varchar, "created_at" datetime NOT NULL, "updated_at" datetime NOT NULL) 
  [1m[36m (0.1ms)[0m  [1mselect sqlite_version(*)[0m
  [1m[35m (10.8ms)[0m  CREATE UNIQUE INDEX "index_barkbox_client_auths_on_access_token" ON "barkbox_client_auths" ("access_token")
  [1m[36m (0.1ms)[0m  [1m            SELECT sql
            FROM sqlite_master
            WHERE name='index_barkbox_client_auths_on_access_token' AND type='index'
            UNION ALL
            SELECT sql
            FROM sqlite_temp_master
            WHERE name='index_barkbox_client_auths_on_access_token' AND type='index'
[0m
  [1m[35m (1.7ms)[0m  CREATE  INDEX "index_barkbox_client_auths_on_barkbox_user_id" ON "barkbox_client_auths" ("barkbox_user_id")
  [1m[36m (2.2ms)[0m  [1mCREATE TABLE "schema_migrations" ("version" varchar NOT NULL) [0m
  [1m[35m (2.1ms)[0m  CREATE UNIQUE INDEX "unique_schema_migrations" ON "schema_migrations" ("version")
  [1m[36m (0.5ms)[0m  [1mSELECT version FROM "schema_migrations"[0m
  [1m[35m (2.3ms)[0m  INSERT INTO "schema_migrations" (version) VALUES ('20170213224124')
  [1m[36mActiveRecord::SchemaMigration Load (0.2ms)[0m  [1mSELECT "schema_migrations".* FROM "schema_migrations"[0m
  [1m[36m (1.8ms)[0m  [1mCREATE TABLE "barkbox_client_auths" ("id" INTEGER PRIMARY KEY AUTOINCREMENT NOT NULL, "barkbox_user_id" integer NOT NULL, "access_token" varchar NOT NULL, "access_token_expires_at" datetime, "refresh_token" varchar, "email" varchar, "created_at" datetime NOT NULL, "updated_at" datetime NOT NULL) [0m
  [1m[35m (0.2ms)[0m  select sqlite_version(*)
  [1m[36m (1.9ms)[0m  [1mCREATE UNIQUE INDEX "index_barkbox_client_auths_on_access_token" ON "barkbox_client_auths" ("access_token")[0m
  [1m[35m (0.1ms)[0m              SELECT sql
            FROM sqlite_master
            WHERE name='index_barkbox_client_auths_on_access_token' AND type='index'
            UNION ALL
            SELECT sql
            FROM sqlite_temp_master
            WHERE name='index_barkbox_client_auths_on_access_token' AND type='index'

  [1m[36m (1.8ms)[0m  [1mCREATE  INDEX "index_barkbox_client_auths_on_barkbox_user_id" ON "barkbox_client_auths" ("barkbox_user_id")[0m
  [1m[35m (1.7ms)[0m  CREATE TABLE "schema_migrations" ("version" varchar NOT NULL) 
  [1m[36m (1.6ms)[0m  [1mCREATE UNIQUE INDEX "unique_schema_migrations" ON "schema_migrations" ("version")[0m
  [1m[35m (0.1ms)[0m  SELECT version FROM "schema_migrations"
  [1m[36m (1.6ms)[0m  [1mINSERT INTO "schema_migrations" (version) VALUES ('20170213224124')[0m
  [1m[35m (5.5ms)[0m  CREATE TABLE "barkbox_client_auths" ("id" INTEGER PRIMARY KEY AUTOINCREMENT NOT NULL, "barkbox_user_id" integer NOT NULL, "access_token" varchar NOT NULL, "access_token_expires_at" datetime, "refresh_token" varchar, "email" varchar, "created_at" datetime NOT NULL, "updated_at" datetime NOT NULL) 
  [1m[36m (0.1ms)[0m  [1mselect sqlite_version(*)[0m
  [1m[35m (1.8ms)[0m  CREATE UNIQUE INDEX "index_barkbox_client_auths_on_access_token" ON "barkbox_client_auths" ("access_token")
  [1m[36m (0.1ms)[0m  [1m            SELECT sql
            FROM sqlite_master
            WHERE name='index_barkbox_client_auths_on_access_token' AND type='index'
            UNION ALL
            SELECT sql
            FROM sqlite_temp_master
            WHERE name='index_barkbox_client_auths_on_access_token' AND type='index'
[0m
  [1m[35m (1.5ms)[0m  CREATE  INDEX "index_barkbox_client_auths_on_barkbox_user_id" ON "barkbox_client_auths" ("barkbox_user_id")
  [1m[36m (3.1ms)[0m  [1mCREATE TABLE "schema_migrations" ("version" varchar NOT NULL) [0m
  [1m[35m (1.7ms)[0m  CREATE UNIQUE INDEX "unique_schema_migrations" ON "schema_migrations" ("version")
  [1m[36m (0.1ms)[0m  [1mSELECT version FROM "schema_migrations"[0m
  [1m[35m (2.1ms)[0m  INSERT INTO "schema_migrations" (version) VALUES ('20170213224124')
  [1m[36mActiveRecord::SchemaMigration Load (0.2ms)[0m  [1mSELECT "schema_migrations".* FROM "schema_migrations"[0m
  [1m[36m (1.7ms)[0m  [1mCREATE TABLE "barkbox_client_auths" ("id" INTEGER PRIMARY KEY AUTOINCREMENT NOT NULL, "barkbox_user_id" integer NOT NULL, "access_token" varchar NOT NULL, "access_token_expires_at" datetime, "refresh_token" varchar, "email" varchar, "created_at" datetime NOT NULL, "updated_at" datetime NOT NULL) [0m
  [1m[35m (0.1ms)[0m  select sqlite_version(*)
  [1m[36m (1.6ms)[0m  [1mCREATE UNIQUE INDEX "index_barkbox_client_auths_on_access_token" ON "barkbox_client_auths" ("access_token")[0m
  [1m[35m (0.1ms)[0m              SELECT sql
            FROM sqlite_master
            WHERE name='index_barkbox_client_auths_on_access_token' AND type='index'
            UNION ALL
            SELECT sql
            FROM sqlite_temp_master
            WHERE name='index_barkbox_client_auths_on_access_token' AND type='index'

  [1m[36m (2.5ms)[0m  [1mCREATE  INDEX "index_barkbox_client_auths_on_barkbox_user_id" ON "barkbox_client_auths" ("barkbox_user_id")[0m
  [1m[35m (2.1ms)[0m  CREATE TABLE "schema_migrations" ("version" varchar NOT NULL) 
  [1m[36m (2.2ms)[0m  [1mCREATE UNIQUE INDEX "unique_schema_migrations" ON "schema_migrations" ("version")[0m
  [1m[35m (0.2ms)[0m  SELECT version FROM "schema_migrations"
  [1m[36m (1.1ms)[0m  [1mINSERT INTO "schema_migrations" (version) VALUES ('20170213224124')[0m
  [1m[35m (1.5ms)[0m  CREATE TABLE "barkbox_client_auths" ("id" INTEGER PRIMARY KEY AUTOINCREMENT NOT NULL, "barkbox_user_id" integer NOT NULL, "access_token" varchar NOT NULL, "access_token_expires_at" datetime, "refresh_token" varchar, "email" varchar, "created_at" datetime NOT NULL, "updated_at" datetime NOT NULL) 
  [1m[36m (0.1ms)[0m  [1mselect sqlite_version(*)[0m
  [1m[35m (2.2ms)[0m  CREATE UNIQUE INDEX "index_barkbox_client_auths_on_access_token" ON "barkbox_client_auths" ("access_token")
  [1m[36m (0.1ms)[0m  [1m            SELECT sql
            FROM sqlite_master
            WHERE name='index_barkbox_client_auths_on_access_token' AND type='index'
            UNION ALL
            SELECT sql
            FROM sqlite_temp_master
            WHERE name='index_barkbox_client_auths_on_access_token' AND type='index'
[0m
  [1m[35m (8.3ms)[0m  CREATE  INDEX "index_barkbox_client_auths_on_barkbox_user_id" ON "barkbox_client_auths" ("barkbox_user_id")
  [1m[36m (1.6ms)[0m  [1mCREATE TABLE "schema_migrations" ("version" varchar NOT NULL) [0m
  [1m[35m (1.4ms)[0m  CREATE UNIQUE INDEX "unique_schema_migrations" ON "schema_migrations" ("version")
  [1m[36m (0.1ms)[0m  [1mSELECT version FROM "schema_migrations"[0m
  [1m[35m (1.6ms)[0m  INSERT INTO "schema_migrations" (version) VALUES ('20170213224124')
  [1m[36mActiveRecord::SchemaMigration Load (0.1ms)[0m  [1mSELECT "schema_migrations".* FROM "schema_migrations"[0m
  [1m[36m (1.7ms)[0m  [1mCREATE TABLE "schema_migrations" ("version" varchar NOT NULL) [0m
  [1m[35m (0.1ms)[0m  select sqlite_version(*)
  [1m[36m (1.9ms)[0m  [1mCREATE UNIQUE INDEX "unique_schema_migrations" ON "schema_migrations" ("version")[0m
  [1m[35mActiveRecord::SchemaMigration Load (0.1ms)[0m  SELECT "schema_migrations".* FROM "schema_migrations"
  [1m[36mActiveRecord::SchemaMigration Load (0.1ms)[0m  [1mSELECT "schema_migrations".* FROM "schema_migrations"[0m
Migrating to CreateAuth (20170213224125)
  [1m[35m (0.1ms)[0m  begin transaction
  [1m[36m (0.4ms)[0m  [1mCREATE TABLE "auths" ("id" INTEGER PRIMARY KEY AUTOINCREMENT NOT NULL, "barkbox_user_id" integer NOT NULL, "access_token" varchar NOT NULL, "access_token_expires_at" datetime, "refresh_token" varchar, "email" varchar, "created_at" datetime NOT NULL, "updated_at" datetime NOT NULL) [0m
  [1m[35m (0.1ms)[0m  select sqlite_version(*)
  [1m[36m (0.1ms)[0m  [1mCREATE  INDEX "index_auths_on_barkbox_user_id" ON "auths" ("barkbox_user_id")[0m
  [1m[35m (0.1ms)[0m              SELECT sql
            FROM sqlite_master
            WHERE name='index_auths_on_barkbox_user_id' AND type='index'
            UNION ALL
            SELECT sql
            FROM sqlite_temp_master
            WHERE name='index_auths_on_barkbox_user_id' AND type='index'

  [1m[36m (0.7ms)[0m  [1mCREATE UNIQUE INDEX "index_auths_on_access_token" ON "auths" ("access_token")[0m
  [1m[35mSQL (0.2ms)[0m  INSERT INTO "schema_migrations" ("version") VALUES (?)  [["version", "20170213224125"]]
  [1m[36m (2.0ms)[0m  [1mcommit transaction[0m
  [1m[35mActiveRecord::SchemaMigration Load (0.1ms)[0m  SELECT "schema_migrations".* FROM "schema_migrations"
  [1m[36m (0.1ms)[0m  [1m            SELECT sql
            FROM sqlite_master
            WHERE name='index_auths_on_access_token' AND type='index'
            UNION ALL
            SELECT sql
            FROM sqlite_temp_master
            WHERE name='index_auths_on_access_token' AND type='index'
[0m
  [1m[35m (0.1ms)[0m              SELECT sql
            FROM sqlite_master
            WHERE name='index_auths_on_barkbox_user_id' AND type='index'
            UNION ALL
            SELECT sql
            FROM sqlite_temp_master
            WHERE name='index_auths_on_barkbox_user_id' AND type='index'

  [1m[36m (1.8ms)[0m  [1mCREATE TABLE "auths" ("id" INTEGER PRIMARY KEY AUTOINCREMENT NOT NULL, "barkbox_user_id" integer NOT NULL, "access_token" varchar NOT NULL, "access_token_expires_at" datetime, "refresh_token" varchar, "email" varchar, "created_at" datetime NOT NULL, "updated_at" datetime NOT NULL) [0m
  [1m[35m (0.2ms)[0m  select sqlite_version(*)
  [1m[36m (2.7ms)[0m  [1mCREATE UNIQUE INDEX "index_auths_on_access_token" ON "auths" ("access_token")[0m
  [1m[35m (0.1ms)[0m              SELECT sql
            FROM sqlite_master
            WHERE name='index_auths_on_access_token' AND type='index'
            UNION ALL
            SELECT sql
            FROM sqlite_temp_master
            WHERE name='index_auths_on_access_token' AND type='index'

  [1m[36m (1.6ms)[0m  [1mCREATE  INDEX "index_auths_on_barkbox_user_id" ON "auths" ("barkbox_user_id")[0m
  [1m[35m (1.6ms)[0m  CREATE TABLE "schema_migrations" ("version" varchar NOT NULL) 
  [1m[36m (1.4ms)[0m  [1mCREATE UNIQUE INDEX "unique_schema_migrations" ON "schema_migrations" ("version")[0m
  [1m[35m (0.1ms)[0m  SELECT version FROM "schema_migrations"
  [1m[36m (1.2ms)[0m  [1mINSERT INTO "schema_migrations" (version) VALUES ('20170213224125')[0m
